0 info it worked if it ends with ok
1 verbose cli [ 'node', '/usr/local/bin/npm', 'publish' ]
2 info using npm@1.2.30
3 info using node@v0.8.26
4 verbose publish [ '.' ]
5 verbose read json /Users/ryokota/code/generator-angular-scalatra/package.json
6 verbose cache add [ '.', null ]
7 verbose cache add name=undefined spec="." args=[".",null]
8 verbose parsed url { pathname: '.', path: '.', href: '.' }
9 silly lockFile 3a52ce78- .
10 verbose lock . /Users/ryokota/.npm/3a52ce78-.lock
11 verbose read json package.json
12 verbose tar pack [ '/var/folders/6g/1h2r2rrs75n9zh_14mpcjstc000_4l/T/npm-64982/1393711954300-0.7842850023880601/tmp.tgz',
12 verbose tar pack   '.' ]
13 verbose tarball /var/folders/6g/1h2r2rrs75n9zh_14mpcjstc000_4l/T/npm-64982/1393711954300-0.7842850023880601/tmp.tgz
14 verbose folder .
15 info prepublish generator-angular-scalatra@0.1.5
16 silly lockFile 1f1177db-tar tar://.
17 verbose lock tar://. /Users/ryokota/.npm/1f1177db-tar.lock
18 silly lockFile 7b9350e6-54300-0-7842850023880601-tmp-tgz tar:///var/folders/6g/1h2r2rrs75n9zh_14mpcjstc000_4l/T/npm-64982/1393711954300-0.7842850023880601/tmp.tgz
19 verbose lock tar:///var/folders/6g/1h2r2rrs75n9zh_14mpcjstc000_4l/T/npm-64982/1393711954300-0.7842850023880601/tmp.tgz /Users/ryokota/.npm/7b9350e6-54300-0-7842850023880601-tmp-tgz.lock
20 silly lockFile 1f1177db-tar tar://.
21 silly lockFile 1f1177db-tar tar://.
22 silly lockFile 7b9350e6-54300-0-7842850023880601-tmp-tgz tar:///var/folders/6g/1h2r2rrs75n9zh_14mpcjstc000_4l/T/npm-64982/1393711954300-0.7842850023880601/tmp.tgz
23 silly lockFile 7b9350e6-54300-0-7842850023880601-tmp-tgz tar:///var/folders/6g/1h2r2rrs75n9zh_14mpcjstc000_4l/T/npm-64982/1393711954300-0.7842850023880601/tmp.tgz
24 verbose tar unpack /var/folders/6g/1h2r2rrs75n9zh_14mpcjstc000_4l/T/npm-64982/1393711954300-0.7842850023880601/tmp.tgz
25 silly lockFile 807a7ed9-54300-0-7842850023880601-package tar:///var/folders/6g/1h2r2rrs75n9zh_14mpcjstc000_4l/T/npm-64982/1393711954300-0.7842850023880601/package
26 verbose lock tar:///var/folders/6g/1h2r2rrs75n9zh_14mpcjstc000_4l/T/npm-64982/1393711954300-0.7842850023880601/package /Users/ryokota/.npm/807a7ed9-54300-0-7842850023880601-package.lock
27 silly lockFile 7b9350e6-54300-0-7842850023880601-tmp-tgz tar:///var/folders/6g/1h2r2rrs75n9zh_14mpcjstc000_4l/T/npm-64982/1393711954300-0.7842850023880601/tmp.tgz
28 verbose lock tar:///var/folders/6g/1h2r2rrs75n9zh_14mpcjstc000_4l/T/npm-64982/1393711954300-0.7842850023880601/tmp.tgz /Users/ryokota/.npm/7b9350e6-54300-0-7842850023880601-tmp-tgz.lock
29 silly gunzTarPerm modes [ '755', '644' ]
30 silly gunzTarPerm extractEntry package.json
31 silly gunzTarPerm extractEntry .npmignore
32 silly gunzTarPerm extractEntry README.md
33 silly gunzTarPerm extractEntry LICENSE
34 silly gunzTarPerm extractEntry entity/index.js
35 silly gunzTarPerm extractEntry entity/templates/_generator.json
36 silly gunzTarPerm extractEntry entity/templates/public/js/entity/_entity-controller.js
37 silly gunzTarPerm extractEntry entity/templates/public/js/entity/_entity-router.js
38 silly gunzTarPerm extractEntry entity/templates/public/js/entity/_entity-service.js
39 silly gunzTarPerm extractEntry entity/templates/public/views/entity/_entities.html
40 silly gunzTarPerm extractEntry entity/templates/src/main/scala/package/_EntitiesController.scala
41 silly gunzTarPerm extractEntry entity/templates/src/main/scala/package/models/_AttrEnum.scala
42 silly gunzTarPerm extractEntry entity/templates/src/main/scala/package/models/_Entity.scala
43 silly gunzTarPerm extractEntry entity/templates/src/test/scala/package/_EntitiesControllerSpec.scala
44 silly gunzTarPerm extractEntry app/index.js
45 silly gunzTarPerm extractEntry app/templates/Gruntfile.js
46 silly gunzTarPerm extractEntry app/templates/gitignore
47 silly gunzTarPerm extractEntry app/templates/_package.json
48 silly gunzTarPerm extractEntry app/templates/assembly.sbt
49 silly gunzTarPerm extractEntry app/templates/bowerrc
50 silly gunzTarPerm extractEntry app/templates/editorconfig
51 silly gunzTarPerm extractEntry app/templates/_generator.json
52 silly gunzTarPerm extractEntry app/templates/_bower.json
53 silly gunzTarPerm extractEntry app/templates/jshintrc
54 silly gunzTarPerm extractEntry app/templates/project/_build.scala
55 silly gunzTarPerm extractEntry app/templates/project/build.properties
56 silly gunzTarPerm extractEntry app/templates/project/plugins.sbt
57 silly gunzTarPerm extractEntry app/templates/public/_index.html
58 silly gunzTarPerm extractEntry app/templates/public/css/app.css
59 silly gunzTarPerm extractEntry app/templates/public/js/_app.js
60 silly gunzTarPerm extractEntry app/templates/public/js/home/_home-controller.js
61 silly gunzTarPerm extractEntry app/templates/public/views/home/_home.html
62 silly gunzTarPerm extractEntry app/templates/sbt
63 silly gunzTarPerm extractEntry app/templates/src/main/resources/logback.xml
64 silly gunzTarPerm extractEntry app/templates/src/main/scala/_JettyLauncher.scala
65 silly gunzTarPerm extractEntry app/templates/src/main/scala/_ScalatraBootstrap.scala
66 silly gunzTarPerm extractEntry app/templates/src/main/scala/package/data/_DatabaseInit.scala
67 silly gunzTarPerm extractEntry app/templates/src/main/scala/package/data/_DatabaseSessionSupport.scala
68 silly gunzTarPerm extractEntry app/templates/src/main/scala/package/json/_DateSerializer.scala
69 silly gunzTarPerm extractEntry app/templates/src/main/scala/package/models/_ScalatraRecord.scala
70 silly gunzTarPerm extractEntry app/templates/src/main/webapp/WEB-INF/web.xml
71 silly gunzTarPerm extractEntry .gitattributes
72 silly gunzTarPerm extractEntry .editorconfig
73 silly gunzTarPerm extractEntry .jshintrc
74 silly gunzTarPerm extractEntry .travis.yml
75 silly gunzTarPerm extractEntry test/test-creation.js
76 silly gunzTarPerm extractEntry test/test-load.js
77 verbose read json /var/folders/6g/1h2r2rrs75n9zh_14mpcjstc000_4l/T/npm-64982/1393711954300-0.7842850023880601/package/package.json
78 silly lockFile 807a7ed9-54300-0-7842850023880601-package tar:///var/folders/6g/1h2r2rrs75n9zh_14mpcjstc000_4l/T/npm-64982/1393711954300-0.7842850023880601/package
79 silly lockFile 807a7ed9-54300-0-7842850023880601-package tar:///var/folders/6g/1h2r2rrs75n9zh_14mpcjstc000_4l/T/npm-64982/1393711954300-0.7842850023880601/package
80 silly lockFile 7b9350e6-54300-0-7842850023880601-tmp-tgz tar:///var/folders/6g/1h2r2rrs75n9zh_14mpcjstc000_4l/T/npm-64982/1393711954300-0.7842850023880601/tmp.tgz
81 silly lockFile 7b9350e6-54300-0-7842850023880601-tmp-tgz tar:///var/folders/6g/1h2r2rrs75n9zh_14mpcjstc000_4l/T/npm-64982/1393711954300-0.7842850023880601/tmp.tgz
82 verbose from cache /var/folders/6g/1h2r2rrs75n9zh_14mpcjstc000_4l/T/npm-64982/1393711954300-0.7842850023880601/package/package.json
83 verbose tar pack [ '/Users/ryokota/.npm/generator-angular-scalatra/0.1.5/package.tgz',
83 verbose tar pack   '/var/folders/6g/1h2r2rrs75n9zh_14mpcjstc000_4l/T/npm-64982/1393711954300-0.7842850023880601/package' ]
84 verbose tarball /Users/ryokota/.npm/generator-angular-scalatra/0.1.5/package.tgz
85 verbose folder /var/folders/6g/1h2r2rrs75n9zh_14mpcjstc000_4l/T/npm-64982/1393711954300-0.7842850023880601/package
86 silly lockFile 807a7ed9-54300-0-7842850023880601-package tar:///var/folders/6g/1h2r2rrs75n9zh_14mpcjstc000_4l/T/npm-64982/1393711954300-0.7842850023880601/package
87 verbose lock tar:///var/folders/6g/1h2r2rrs75n9zh_14mpcjstc000_4l/T/npm-64982/1393711954300-0.7842850023880601/package /Users/ryokota/.npm/807a7ed9-54300-0-7842850023880601-package.lock
88 silly lockFile f2ce52e6-gular-scalatra-0-1-5-package-tgz tar:///Users/ryokota/.npm/generator-angular-scalatra/0.1.5/package.tgz
89 verbose lock tar:///Users/ryokota/.npm/generator-angular-scalatra/0.1.5/package.tgz /Users/ryokota/.npm/f2ce52e6-gular-scalatra-0-1-5-package-tgz.lock
90 silly lockFile 807a7ed9-54300-0-7842850023880601-package tar:///var/folders/6g/1h2r2rrs75n9zh_14mpcjstc000_4l/T/npm-64982/1393711954300-0.7842850023880601/package
91 silly lockFile 807a7ed9-54300-0-7842850023880601-package tar:///var/folders/6g/1h2r2rrs75n9zh_14mpcjstc000_4l/T/npm-64982/1393711954300-0.7842850023880601/package
92 silly lockFile f2ce52e6-gular-scalatra-0-1-5-package-tgz tar:///Users/ryokota/.npm/generator-angular-scalatra/0.1.5/package.tgz
93 silly lockFile f2ce52e6-gular-scalatra-0-1-5-package-tgz tar:///Users/ryokota/.npm/generator-angular-scalatra/0.1.5/package.tgz
94 silly lockFile ed247e7c-r-angular-scalatra-0-1-5-package /Users/ryokota/.npm/generator-angular-scalatra/0.1.5/package
95 verbose lock /Users/ryokota/.npm/generator-angular-scalatra/0.1.5/package /Users/ryokota/.npm/ed247e7c-r-angular-scalatra-0-1-5-package.lock
96 silly lockFile ed247e7c-r-angular-scalatra-0-1-5-package /Users/ryokota/.npm/generator-angular-scalatra/0.1.5/package
97 silly lockFile ed247e7c-r-angular-scalatra-0-1-5-package /Users/ryokota/.npm/generator-angular-scalatra/0.1.5/package
98 verbose tar unpack /Users/ryokota/.npm/generator-angular-scalatra/0.1.5/package.tgz
99 silly lockFile 3cee99a2-r-angular-scalatra-0-1-5-package tar:///Users/ryokota/.npm/generator-angular-scalatra/0.1.5/package
100 verbose lock tar:///Users/ryokota/.npm/generator-angular-scalatra/0.1.5/package /Users/ryokota/.npm/3cee99a2-r-angular-scalatra-0-1-5-package.lock
101 silly lockFile f2ce52e6-gular-scalatra-0-1-5-package-tgz tar:///Users/ryokota/.npm/generator-angular-scalatra/0.1.5/package.tgz
102 verbose lock tar:///Users/ryokota/.npm/generator-angular-scalatra/0.1.5/package.tgz /Users/ryokota/.npm/f2ce52e6-gular-scalatra-0-1-5-package-tgz.lock
103 silly gunzTarPerm modes [ '755', '644' ]
104 silly gunzTarPerm extractEntry package.json
105 silly gunzTarPerm extractEntry .npmignore
106 silly gunzTarPerm extractEntry README.md
107 silly gunzTarPerm extractEntry LICENSE
108 silly gunzTarPerm extractEntry app/index.js
109 silly gunzTarPerm extractEntry app/templates/Gruntfile.js
110 silly gunzTarPerm extractEntry app/templates/gitignore
111 silly gunzTarPerm extractEntry app/templates/_package.json
112 silly gunzTarPerm extractEntry app/templates/assembly.sbt
113 silly gunzTarPerm extractEntry app/templates/bowerrc
114 silly gunzTarPerm extractEntry app/templates/editorconfig
115 silly gunzTarPerm extractEntry app/templates/_generator.json
116 silly gunzTarPerm extractEntry app/templates/_bower.json
117 silly gunzTarPerm extractEntry app/templates/jshintrc
118 silly gunzTarPerm extractEntry app/templates/project/_build.scala
119 silly gunzTarPerm extractEntry app/templates/project/build.properties
120 silly gunzTarPerm extractEntry app/templates/project/plugins.sbt
121 silly gunzTarPerm extractEntry app/templates/public/_index.html
122 silly gunzTarPerm extractEntry app/templates/public/css/app.css
123 silly gunzTarPerm extractEntry app/templates/public/js/_app.js
124 silly gunzTarPerm extractEntry app/templates/public/js/home/_home-controller.js
125 silly gunzTarPerm extractEntry app/templates/public/views/home/_home.html
126 silly gunzTarPerm extractEntry app/templates/sbt
127 silly gunzTarPerm extractEntry app/templates/src/main/resources/logback.xml
128 silly gunzTarPerm extractEntry app/templates/src/main/scala/_JettyLauncher.scala
129 silly gunzTarPerm extractEntry app/templates/src/main/scala/_ScalatraBootstrap.scala
130 silly gunzTarPerm extractEntry app/templates/src/main/scala/package/data/_DatabaseInit.scala
131 silly gunzTarPerm extractEntry app/templates/src/main/scala/package/data/_DatabaseSessionSupport.scala
132 silly gunzTarPerm extractEntry app/templates/src/main/scala/package/json/_DateSerializer.scala
133 silly gunzTarPerm extractEntry app/templates/src/main/scala/package/models/_ScalatraRecord.scala
134 silly gunzTarPerm extractEntry app/templates/src/main/webapp/WEB-INF/web.xml
135 silly gunzTarPerm extractEntry .gitattributes
136 silly gunzTarPerm extractEntry entity/index.js
137 silly gunzTarPerm extractEntry entity/templates/_generator.json
138 silly gunzTarPerm extractEntry entity/templates/public/js/entity/_entity-controller.js
139 silly gunzTarPerm extractEntry entity/templates/public/js/entity/_entity-router.js
140 silly gunzTarPerm extractEntry entity/templates/public/js/entity/_entity-service.js
141 silly gunzTarPerm extractEntry entity/templates/public/views/entity/_entities.html
142 silly gunzTarPerm extractEntry entity/templates/src/main/scala/package/_EntitiesController.scala
143 silly gunzTarPerm extractEntry entity/templates/src/main/scala/package/models/_AttrEnum.scala
144 silly gunzTarPerm extractEntry entity/templates/src/main/scala/package/models/_Entity.scala
145 silly gunzTarPerm extractEntry entity/templates/src/test/scala/package/_EntitiesControllerSpec.scala
146 silly gunzTarPerm extractEntry .jshintrc
147 silly gunzTarPerm extractEntry .editorconfig
148 silly gunzTarPerm extractEntry .travis.yml
149 silly gunzTarPerm extractEntry test/test-creation.js
150 silly gunzTarPerm extractEntry test/test-load.js
151 verbose read json /Users/ryokota/.npm/generator-angular-scalatra/0.1.5/package/package.json
152 silly lockFile 3cee99a2-r-angular-scalatra-0-1-5-package tar:///Users/ryokota/.npm/generator-angular-scalatra/0.1.5/package
153 silly lockFile 3cee99a2-r-angular-scalatra-0-1-5-package tar:///Users/ryokota/.npm/generator-angular-scalatra/0.1.5/package
154 silly lockFile f2ce52e6-gular-scalatra-0-1-5-package-tgz tar:///Users/ryokota/.npm/generator-angular-scalatra/0.1.5/package.tgz
155 silly lockFile f2ce52e6-gular-scalatra-0-1-5-package-tgz tar:///Users/ryokota/.npm/generator-angular-scalatra/0.1.5/package.tgz
156 verbose from cache /Users/ryokota/.npm/generator-angular-scalatra/0.1.5/package/package.json
157 verbose chmod /Users/ryokota/.npm/generator-angular-scalatra/0.1.5/package.tgz 644
158 verbose chown /Users/ryokota/.npm/generator-angular-scalatra/0.1.5/package.tgz [ 10387, 20 ]
159 silly lockFile 3a52ce78- .
160 silly lockFile 3a52ce78- .
161 silly publish { name: 'generator-angular-scalatra',
161 silly publish   version: '0.1.5',
161 silly publish   description: 'A Yeoman generator for AngularJS + Scalatra',
161 silly publish   keywords:
161 silly publish    [ 'yeoman-generator',
161 silly publish      'Scala',
161 silly publish      'Scalatra',
161 silly publish      'Squeryl',
161 silly publish      'AngularJS',
161 silly publish      'Bootstrap' ],
161 silly publish   homepage: 'https://github.com/rayokota/generator-angular-scalatra',
161 silly publish   bugs: { url: 'https://github.com/rayokota/generator-angular-scalatra/issues' },
161 silly publish   author: { name: 'Robert Yokota', url: 'https://github.com/rayokota' },
161 silly publish   main: 'app/index.js',
161 silly publish   repository:
161 silly publish    { type: 'git',
161 silly publish      url: 'git://github.com/rayokota/generator-angular-scalatra.git' },
161 silly publish   scripts: { test: 'mocha' },
161 silly publish   dependencies:
161 silly publish    { 'yeoman-generator': '~0.14.0',
161 silly publish      URIjs: '~1.11.2',
161 silly publish      lodash: '~2.4.1',
161 silly publish      'underscore.string': '~2.3.3',
161 silly publish      pluralize: '~0.0.6',
161 silly publish      asciify: '~1.3.3' },
161 silly publish   devDependencies: { mocha: '~1.14.0' },
161 silly publish   peerDependencies: { yo: '>=1.0.0' },
161 silly publish   engines: { node: '>=0.8.0', npm: '>=1.2.10' },
161 silly publish   licenses: [ { type: 'MIT' } ],
161 silly publish   readme: '# The Angular-Scalatra generator \n\nA [Yeoman](http://yeoman.io) generator for [AngularJS](http://angularjs.org) and [Scalatra](http://scalatra.org/).\n\nScalatra is a Scala-based micro-framework.  For AngularJS integration with other micro-frameworks, see https://github.com/rayokota/MicroFrameworkRosettaStone.\n\n## Installation\n\nInstall [Git](http://git-scm.com), [node.js](http://nodejs.org), and [Java](https://www.java.com).\n\nInstall Yeoman:\n\n    npm install -g yo\n\nInstall the Angular-Scalatra generator:\n\n    npm install -g generator-angular-scalatra\n\n## Creating a Scalatra service\n\nIn a new directory, generate the service:\n\n    yo angular-scalatra\n\nRun the service:\n\n    $ ./sbt\n    > container:start\n\nYour service will run at [http://localhost:8080](http://localhost:8080).\n\nAlternatively, you can build and run a fat jar with your project as follows:\n\n\texport SBT_OPTS="-XX:+CMSClassUnloadingEnabled -XX:PermSize=256M -XX:MaxPermSize=512M"\n\t./sbt clean assembly\n\tjava -jar target/scala-2.10/[myapp]-assembly-0.1.0-SNAPSHOT.jar\n\n\n## Creating a persistent entity\n\nGenerate the entity:\n\n    yo angular-scalatra:entity [myentity]\n\nYou will be asked to specify attributes for the entity, where each attribute has the following:\n\n- a name\n- a type (String, Integer, Float, Boolean, Date, Enum)\n- for a String attribute, an optional minimum and maximum length\n- for a numeric attribute, an optional minimum and maximum value\n- for a Date attribute, an optional constraint to either past values or future values\n- for an Enum attribute, a list of enumerated values\n- whether the attribute is required\n\nFiles that are regenerated will appear as conflicts.  Allow the generator to overwrite these files as long as no custom changes have been made.\n\nRun the service:\n\n    $ ./sbt\n    > container:start\n    \nA client-side AngularJS application will now be available by running\n\n\tgrunt server\n\t\nThe Grunt server will run at [http://localhost:9000](http://localhost:9000).  It will proxy REST requests to the Scalatra service running at [http://localhost:8080](http://localhost:8080).\n\nAt this point you should be able to navigate to a page to manage your persistent entities.  \n\nThe Grunt server supports hot reloading of client-side HTML/CSS/Javascript file changes.\n\n',
161 silly publish   readmeFilename: 'README.md',
161 silly publish   _id: 'generator-angular-scalatra@0.1.5',
161 silly publish   dist: { shasum: '54d250a68df269335de27c0d99e8250f8a6c8841' },
161 silly publish   _from: '.' }
162 verbose url raw generator-angular-scalatra
163 verbose url resolving [ 'https://registry.npmjs.org/',
163 verbose url resolving   './generator-angular-scalatra' ]
164 verbose url resolved https://registry.npmjs.org/generator-angular-scalatra
165 info trying registry request attempt 1 at 14:12:34
166 http PUT https://registry.npmjs.org/generator-angular-scalatra
167 http 201 https://registry.npmjs.org/generator-angular-scalatra
168 verbose url raw generator-angular-scalatra
169 verbose url resolving [ 'https://registry.npmjs.org/',
169 verbose url resolving   './generator-angular-scalatra' ]
170 verbose url resolved https://registry.npmjs.org/generator-angular-scalatra
171 info trying registry request attempt 1 at 14:12:35
172 http GET https://registry.npmjs.org/generator-angular-scalatra
173 http 200 https://registry.npmjs.org/generator-angular-scalatra
174 error publish fail Cannot publish over existing version.
174 error publish fail Update the 'version' field in package.json and try again.
174 error publish fail
174 error publish fail If the previous version was published in error, see:
174 error publish fail     npm help unpublish
174 error publish fail
174 error publish fail To automatically increment version numbers, see:
174 error publish fail     npm help version
175 error System Darwin 12.5.0
176 error command "node" "/usr/local/bin/npm" "publish"
177 error cwd /Users/ryokota/code/generator-angular-scalatra
178 error node -v v0.8.26
179 error npm -v 1.2.30
180 error code EPUBLISHCONFLICT
181 verbose exit [ 1, true ]
